{"C:\\Users\\ASADULLAH\\Desktop\\nestjs\\project-name\\src\\app.controller.ts": {"path":"C:\\Users\\ASADULLAH\\Desktop\\nestjs\\project-name\\src\\app.controller.ts","statementMap":{"0":{"start":{"line":1,"column":0},"end":{"line":1,"column":49}},"1":{"start":{"line":2,"column":0},"end":{"line":2,"column":43}},"2":{"start":{"line":5,"column":0},"end":{"line":12,"column":null}},"3":{"start":{"line":6,"column":31},"end":{"line":6,"column":43}},"4":{"start":{"line":10,"column":4},"end":{"line":10,"column":38}},"5":{"start":{"line":9,"column":2},"end":{"line":11,"column":null}},"6":{"start":{"line":5,"column":13},"end":{"line":12,"column":null}},"7":{"start":{"line":5,"column":13},"end":{"line":5,"column":26}}},"fnMap":{"0":{"name":"(anonymous_2)","decl":{"start":{"line":6,"column":2},"end":{"line":6,"column":31}},"loc":{"start":{"line":6,"column":53},"end":{"line":6,"column":57}}},"1":{"name":"(anonymous_3)","decl":{"start":{"line":9,"column":2},"end":{"line":9,"column":10}},"loc":{"start":{"line":9,"column":10},"end":{"line":11,"column":3}}}},"branchMap":{},"s":{"0":0,"1":0,"2":0,"3":0,"4":0,"5":0,"6":0,"7":0},"f":{"0":0,"1":0},"b":{}}
,"C:\\Users\\ASADULLAH\\Desktop\\nestjs\\project-name\\src\\app.module.ts": {"path":"C:\\Users\\ASADULLAH\\Desktop\\nestjs\\project-name\\src\\app.module.ts","statementMap":{"0":{"start":{"line":1,"column":0},"end":{"line":1,"column":40}},"1":{"start":{"line":2,"column":0},"end":{"line":2,"column":49}},"2":{"start":{"line":3,"column":0},"end":{"line":3,"column":43}},"3":{"start":{"line":4,"column":0},"end":{"line":4,"column":56}},"4":{"start":{"line":5,"column":0},"end":{"line":5,"column":50}},"5":{"start":{"line":6,"column":0},"end":{"line":6,"column":49}},"6":{"start":{"line":7,"column":0},"end":{"line":7,"column":35}},"7":{"start":{"line":8,"column":0},"end":{"line":8,"column":60}},"8":{"start":{"line":9,"column":0},"end":{"line":9,"column":51}},"9":{"start":{"line":10,"column":0},"end":{"line":10,"column":57}},"10":{"start":{"line":11,"column":0},"end":{"line":11,"column":48}},"11":{"start":{"line":18,"column":0},"end":{"line":18,"column":null}},"12":{"start":{"line":18,"column":13},"end":{"line":18,"column":null}},"13":{"start":{"line":18,"column":13},"end":{"line":18,"column":22}}},"fnMap":{},"branchMap":{},"s":{"0":0,"1":0,"2":0,"3":0,"4":0,"5":0,"6":0,"7":0,"8":0,"9":0,"10":0,"11":0,"12":0,"13":0},"f":{},"b":{}}
,"C:\\Users\\ASADULLAH\\Desktop\\nestjs\\project-name\\src\\app.service.ts": {"path":"C:\\Users\\ASADULLAH\\Desktop\\nestjs\\project-name\\src\\app.service.ts","statementMap":{"0":{"start":{"line":1,"column":0},"end":{"line":1,"column":44}},"1":{"start":{"line":4,"column":0},"end":{"line":8,"column":null}},"2":{"start":{"line":6,"column":4},"end":{"line":6,"column":26}},"3":{"start":{"line":4,"column":13},"end":{"line":8,"column":null}},"4":{"start":{"line":4,"column":13},"end":{"line":4,"column":23}}},"fnMap":{"0":{"name":"(anonymous_1)","decl":{"start":{"line":5,"column":2},"end":{"line":5,"column":10}},"loc":{"start":{"line":5,"column":10},"end":{"line":7,"column":3}}}},"branchMap":{},"s":{"0":0,"1":0,"2":0,"3":0,"4":0},"f":{"0":0},"b":{}}
,"C:\\Users\\ASADULLAH\\Desktop\\nestjs\\project-name\\src\\main.ts": {"path":"C:\\Users\\ASADULLAH\\Desktop\\nestjs\\project-name\\src\\main.ts","statementMap":{"0":{"start":{"line":1,"column":0},"end":{"line":1,"column":43}},"1":{"start":{"line":2,"column":0},"end":{"line":2,"column":41}},"2":{"start":{"line":3,"column":0},"end":{"line":3,"column":46}},"3":{"start":{"line":4,"column":0},"end":{"line":4,"column":56}},"4":{"start":{"line":6,"column":15},"end":{"line":6,"column":33}},"5":{"start":{"line":10,"column":2},"end":{"line":10,"column":null}},"6":{"start":{"line":16,"column":2},"end":{"line":22,"column":null}},"7":{"start":{"line":18,"column":4},"end":{"line":18,"column":null}},"8":{"start":{"line":21,"column":4},"end":{"line":21,"column":null}},"9":{"start":{"line":23,"column":14},"end":{"line":23,"column":49}},"10":{"start":{"line":24,"column":2},"end":{"line":24,"column":66}},"11":{"start":{"line":25,"column":2},"end":{"line":25,"column":25}},"12":{"start":{"line":27,"column":0},"end":{"line":27,"column":12}}},"fnMap":{"0":{"name":"main","decl":{"start":{"line":8,"column":15},"end":{"line":8,"column":19}},"loc":{"start":{"line":8,"column":19},"end":{"line":12,"column":1}}},"1":{"name":"bootstrap","decl":{"start":{"line":15,"column":15},"end":{"line":15,"column":24}},"loc":{"start":{"line":15,"column":24},"end":{"line":26,"column":1}}},"2":{"name":"(anonymous_2)","decl":{"start":{"line":17,"column":9},"end":{"line":17,"column":10}},"loc":{"start":{"line":17,"column":15},"end":{"line":19,"column":3}}},"3":{"name":"(anonymous_3)","decl":{"start":{"line":20,"column":11},"end":{"line":20,"column":16}},"loc":{"start":{"line":20,"column":22},"end":{"line":22,"column":3}}}},"branchMap":{},"s":{"0":0,"1":0,"2":0,"3":0,"4":0,"5":0,"6":0,"7":0,"8":0,"9":0,"10":0,"11":0,"12":0},"f":{"0":0,"1":0,"2":0,"3":0},"b":{}}
,"C:\\Users\\ASADULLAH\\Desktop\\nestjs\\project-name\\src\\prisma.service.ts": {"path":"C:\\Users\\ASADULLAH\\Desktop\\nestjs\\project-name\\src\\prisma.service.ts","statementMap":{"0":{"start":{"line":1,"column":0},"end":{"line":1,"column":93}},"1":{"start":{"line":2,"column":0},"end":{"line":2,"column":46}},"2":{"start":{"line":5,"column":0},"end":{"line":17,"column":null}},"3":{"start":{"line":9,"column":4},"end":{"line":9,"column":26}},"4":{"start":{"line":13,"column":4},"end":{"line":15,"column":7}},"5":{"start":{"line":14,"column":6},"end":{"line":14,"column":24}},"6":{"start":{"line":5,"column":13},"end":{"line":17,"column":null}},"7":{"start":{"line":5,"column":13},"end":{"line":5,"column":26}}},"fnMap":{"0":{"name":"(anonymous_1)","decl":{"start":{"line":8,"column":2},"end":{"line":8,"column":7}},"loc":{"start":{"line":8,"column":20},"end":{"line":10,"column":3}}},"1":{"name":"(anonymous_2)","decl":{"start":{"line":12,"column":2},"end":{"line":12,"column":7}},"loc":{"start":{"line":12,"column":49},"end":{"line":16,"column":3}}},"2":{"name":"(anonymous_3)","decl":{"start":{"line":13,"column":27},"end":{"line":13,"column":32}},"loc":{"start":{"line":13,"column":38},"end":{"line":15,"column":5}}}},"branchMap":{},"s":{"0":1,"1":1,"2":1,"3":0,"4":0,"5":0,"6":1,"7":1},"f":{"0":0,"1":0,"2":0},"b":{}}
,"C:\\Users\\ASADULLAH\\Desktop\\nestjs\\project-name\\src\\asad\\asad.controller.ts": {"path":"C:\\Users\\ASADULLAH\\Desktop\\nestjs\\project-name\\src\\asad\\asad.controller.ts","statementMap":{"0":{"start":{"line":1,"column":0},"end":{"line":1,"column":83}},"1":{"start":{"line":2,"column":0},"end":{"line":2,"column":45}},"2":{"start":{"line":3,"column":0},"end":{"line":3,"column":54}},"3":{"start":{"line":4,"column":0},"end":{"line":4,"column":54}},"4":{"start":{"line":7,"column":0},"end":{"line":34,"column":null}},"5":{"start":{"line":8,"column":31},"end":{"line":8,"column":44}},"6":{"start":{"line":12,"column":4},"end":{"line":12,"column":50}},"7":{"start":{"line":17,"column":4},"end":{"line":17,"column":38}},"8":{"start":{"line":22,"column":4},"end":{"line":22,"column":41}},"9":{"start":{"line":27,"column":4},"end":{"line":27,"column":55}},"10":{"start":{"line":32,"column":4},"end":{"line":32,"column":40}},"11":{"start":{"line":11,"column":2},"end":{"line":13,"column":null}},"12":{"start":{"line":16,"column":2},"end":{"line":18,"column":null}},"13":{"start":{"line":21,"column":2},"end":{"line":23,"column":null}},"14":{"start":{"line":26,"column":2},"end":{"line":28,"column":null}},"15":{"start":{"line":31,"column":2},"end":{"line":33,"column":null}},"16":{"start":{"line":7,"column":13},"end":{"line":34,"column":null}},"17":{"start":{"line":7,"column":13},"end":{"line":7,"column":27}}},"fnMap":{"0":{"name":"(anonymous_4)","decl":{"start":{"line":8,"column":2},"end":{"line":8,"column":31}},"loc":{"start":{"line":8,"column":55},"end":{"line":8,"column":59}}},"1":{"name":"(anonymous_5)","decl":{"start":{"line":11,"column":2},"end":{"line":11,"column":8}},"loc":{"start":{"line":11,"column":45},"end":{"line":13,"column":3}}},"2":{"name":"(anonymous_6)","decl":{"start":{"line":16,"column":2},"end":{"line":16,"column":9}},"loc":{"start":{"line":16,"column":9},"end":{"line":18,"column":3}}},"3":{"name":"(anonymous_7)","decl":{"start":{"line":21,"column":2},"end":{"line":21,"column":9}},"loc":{"start":{"line":21,"column":33},"end":{"line":23,"column":3}}},"4":{"name":"(anonymous_8)","decl":{"start":{"line":26,"column":2},"end":{"line":26,"column":8}},"loc":{"start":{"line":26,"column":70},"end":{"line":28,"column":3}}},"5":{"name":"(anonymous_9)","decl":{"start":{"line":31,"column":2},"end":{"line":31,"column":8}},"loc":{"start":{"line":31,"column":32},"end":{"line":33,"column":3}}}},"branchMap":{},"s":{"0":1,"1":1,"2":1,"3":1,"4":1,"5":1,"6":0,"7":0,"8":0,"9":0,"10":0,"11":1,"12":1,"13":1,"14":1,"15":1,"16":1,"17":1},"f":{"0":1,"1":0,"2":0,"3":0,"4":0,"5":0},"b":{}}
,"C:\\Users\\ASADULLAH\\Desktop\\nestjs\\project-name\\src\\asad\\asad.module.ts": {"path":"C:\\Users\\ASADULLAH\\Desktop\\nestjs\\project-name\\src\\asad\\asad.module.ts","statementMap":{"0":{"start":{"line":1,"column":0},"end":{"line":1,"column":40}},"1":{"start":{"line":2,"column":0},"end":{"line":2,"column":45}},"2":{"start":{"line":3,"column":0},"end":{"line":3,"column":51}},"3":{"start":{"line":9,"column":0},"end":{"line":9,"column":null}},"4":{"start":{"line":9,"column":13},"end":{"line":9,"column":null}},"5":{"start":{"line":9,"column":13},"end":{"line":9,"column":23}}},"fnMap":{},"branchMap":{},"s":{"0":0,"1":0,"2":0,"3":0,"4":0,"5":0},"f":{},"b":{}}
,"C:\\Users\\ASADULLAH\\Desktop\\nestjs\\project-name\\src\\asad\\asad.service.ts": {"path":"C:\\Users\\ASADULLAH\\Desktop\\nestjs\\project-name\\src\\asad\\asad.service.ts","statementMap":{"0":{"start":{"line":1,"column":0},"end":{"line":1,"column":44}},"1":{"start":{"line":6,"column":0},"end":{"line":26,"column":null}},"2":{"start":{"line":8,"column":4},"end":{"line":8,"column":41}},"3":{"start":{"line":12,"column":4},"end":{"line":12,"column":42}},"4":{"start":{"line":16,"column":4},"end":{"line":16,"column":47}},"5":{"start":{"line":20,"column":4},"end":{"line":20,"column":47}},"6":{"start":{"line":24,"column":4},"end":{"line":24,"column":47}},"7":{"start":{"line":6,"column":13},"end":{"line":26,"column":null}},"8":{"start":{"line":6,"column":13},"end":{"line":6,"column":24}}},"fnMap":{"0":{"name":"(anonymous_1)","decl":{"start":{"line":7,"column":2},"end":{"line":7,"column":8}},"loc":{"start":{"line":7,"column":37},"end":{"line":9,"column":3}}},"1":{"name":"(anonymous_2)","decl":{"start":{"line":11,"column":2},"end":{"line":11,"column":9}},"loc":{"start":{"line":11,"column":9},"end":{"line":13,"column":3}}},"2":{"name":"(anonymous_3)","decl":{"start":{"line":15,"column":2},"end":{"line":15,"column":9}},"loc":{"start":{"line":15,"column":20},"end":{"line":17,"column":3}}},"3":{"name":"(anonymous_4)","decl":{"start":{"line":19,"column":2},"end":{"line":19,"column":8}},"loc":{"start":{"line":19,"column":49},"end":{"line":21,"column":3}}},"4":{"name":"(anonymous_5)","decl":{"start":{"line":23,"column":2},"end":{"line":23,"column":8}},"loc":{"start":{"line":23,"column":19},"end":{"line":25,"column":3}}}},"branchMap":{},"s":{"0":2,"1":2,"2":0,"3":0,"4":0,"5":0,"6":0,"7":2,"8":2},"f":{"0":0,"1":0,"2":0,"3":0,"4":0},"b":{}}
,"C:\\Users\\ASADULLAH\\Desktop\\nestjs\\project-name\\src\\asad\\dto\\create-asad.dto.ts": {"path":"C:\\Users\\ASADULLAH\\Desktop\\nestjs\\project-name\\src\\asad\\dto\\create-asad.dto.ts","statementMap":{"0":{"start":{"line":1,"column":0},"end":{"line":1,"column":13}}},"fnMap":{},"branchMap":{},"s":{"0":1},"f":{},"b":{}}
,"C:\\Users\\ASADULLAH\\Desktop\\nestjs\\project-name\\src\\asad\\dto\\update-asad.dto.ts": {"path":"C:\\Users\\ASADULLAH\\Desktop\\nestjs\\project-name\\src\\asad\\dto\\update-asad.dto.ts","statementMap":{"0":{"start":{"line":1,"column":0},"end":{"line":1,"column":51}},"1":{"start":{"line":2,"column":0},"end":{"line":2,"column":50}},"2":{"start":{"line":4,"column":0},"end":{"line":4,"column":13}}},"fnMap":{},"branchMap":{},"s":{"0":1,"1":1,"2":1},"f":{},"b":{}}
,"C:\\Users\\ASADULLAH\\Desktop\\nestjs\\project-name\\src\\asad\\entities\\asad.entity.ts": {"path":"C:\\Users\\ASADULLAH\\Desktop\\nestjs\\project-name\\src\\asad\\entities\\asad.entity.ts","statementMap":{"0":{"start":{"line":1,"column":0},"end":{"line":1,"column":13}}},"fnMap":{},"branchMap":{},"s":{"0":0},"f":{},"b":{}}
,"C:\\Users\\ASADULLAH\\Desktop\\nestjs\\project-name\\src\\authors\\authors.controller.ts": {"path":"C:\\Users\\ASADULLAH\\Desktop\\nestjs\\project-name\\src\\authors\\authors.controller.ts","statementMap":{"0":{"start":{"line":1,"column":0},"end":{"line":1,"column":40}},"1":{"start":{"line":2,"column":0},"end":{"line":2,"column":88}},"2":{"start":{"line":3,"column":0},"end":{"line":3,"column":51}},"3":{"start":{"line":5,"column":0},"end":{"line":5,"column":58}},"4":{"start":{"line":9,"column":0},"end":{"line":38,"column":null}},"5":{"start":{"line":10,"column":31},"end":{"line":10,"column":47}},"6":{"start":{"line":14,"column":17},"end":{"line":14,"column":76}},"7":{"start":{"line":15,"column":4},"end":{"line":15,"column":19}},"8":{"start":{"line":20,"column":18},"end":{"line":20,"column":61}},"9":{"start":{"line":21,"column":4},"end":{"line":21,"column":19}},"10":{"start":{"line":26,"column":4},"end":{"line":26,"column":44}},"11":{"start":{"line":31,"column":4},"end":{"line":31,"column":60}},"12":{"start":{"line":36,"column":4},"end":{"line":36,"column":43}},"13":{"start":{"line":13,"column":2},"end":{"line":16,"column":null}},"14":{"start":{"line":19,"column":2},"end":{"line":22,"column":null}},"15":{"start":{"line":25,"column":2},"end":{"line":27,"column":null}},"16":{"start":{"line":30,"column":2},"end":{"line":32,"column":null}},"17":{"start":{"line":35,"column":2},"end":{"line":37,"column":null}},"18":{"start":{"line":9,"column":13},"end":{"line":38,"column":null}},"19":{"start":{"line":9,"column":13},"end":{"line":9,"column":30}}},"fnMap":{"0":{"name":"(anonymous_4)","decl":{"start":{"line":10,"column":2},"end":{"line":10,"column":31}},"loc":{"start":{"line":10,"column":61},"end":{"line":10,"column":65}}},"1":{"name":"(anonymous_5)","decl":{"start":{"line":13,"column":2},"end":{"line":13,"column":7}},"loc":{"start":{"line":13,"column":98},"end":{"line":16,"column":3}}},"2":{"name":"(anonymous_6)","decl":{"start":{"line":19,"column":2},"end":{"line":19,"column":7}},"loc":{"start":{"line":19,"column":40},"end":{"line":22,"column":3}}},"3":{"name":"(anonymous_7)","decl":{"start":{"line":25,"column":2},"end":{"line":25,"column":9}},"loc":{"start":{"line":25,"column":33},"end":{"line":27,"column":3}}},"4":{"name":"(anonymous_8)","decl":{"start":{"line":30,"column":2},"end":{"line":30,"column":8}},"loc":{"start":{"line":30,"column":74},"end":{"line":32,"column":3}}},"5":{"name":"(anonymous_9)","decl":{"start":{"line":35,"column":2},"end":{"line":35,"column":8}},"loc":{"start":{"line":35,"column":32},"end":{"line":37,"column":3}}}},"branchMap":{},"s":{"0":0,"1":0,"2":0,"3":0,"4":0,"5":0,"6":0,"7":0,"8":0,"9":0,"10":0,"11":0,"12":0,"13":0,"14":0,"15":0,"16":0,"17":0,"18":0,"19":0},"f":{"0":0,"1":0,"2":0,"3":0,"4":0,"5":0},"b":{}}
,"C:\\Users\\ASADULLAH\\Desktop\\nestjs\\project-name\\src\\authors\\authors.module.ts": {"path":"C:\\Users\\ASADULLAH\\Desktop\\nestjs\\project-name\\src\\authors\\authors.module.ts","statementMap":{"0":{"start":{"line":1,"column":0},"end":{"line":1,"column":40}},"1":{"start":{"line":2,"column":0},"end":{"line":2,"column":51}},"2":{"start":{"line":3,"column":0},"end":{"line":3,"column":57}},"3":{"start":{"line":4,"column":0},"end":{"line":4,"column":47}},"4":{"start":{"line":10,"column":0},"end":{"line":10,"column":null}},"5":{"start":{"line":10,"column":13},"end":{"line":10,"column":null}},"6":{"start":{"line":10,"column":13},"end":{"line":10,"column":26}}},"fnMap":{},"branchMap":{},"s":{"0":0,"1":0,"2":0,"3":0,"4":0,"5":0,"6":0},"f":{},"b":{}}
,"C:\\Users\\ASADULLAH\\Desktop\\nestjs\\project-name\\src\\authors\\authors.service.ts": {"path":"C:\\Users\\ASADULLAH\\Desktop\\nestjs\\project-name\\src\\authors\\authors.service.ts","statementMap":{"0":{"start":{"line":2,"column":0},"end":{"line":2,"column":56}},"1":{"start":{"line":4,"column":0},"end":{"line":4,"column":51}},"2":{"start":{"line":8,"column":0},"end":{"line":51,"column":null}},"3":{"start":{"line":9,"column":22},"end":{"line":9,"column":30}},"4":{"start":{"line":16,"column":4},"end":{"line":22,"column":null}},"5":{"start":{"line":17,"column":6},"end":{"line":17,"column":72}},"6":{"start":{"line":19,"column":6},"end":{"line":21,"column":50}},"7":{"start":{"line":23,"column":4},"end":{"line":23,"column":46}},"8":{"start":{"line":24,"column":4},"end":{"line":24,"column":16}},"9":{"start":{"line":29,"column":4},"end":{"line":29,"column":50}},"10":{"start":{"line":30,"column":4},"end":{"line":37,"column":null}},"11":{"start":{"line":31,"column":6},"end":{"line":31,"column":51}},"12":{"start":{"line":32,"column":6},"end":{"line":32,"column":21}},"13":{"start":{"line":34,"column":6},"end":{"line":36,"column":49}},"14":{"start":{"line":41,"column":4},"end":{"line":41,"column":49}},"15":{"start":{"line":45,"column":4},"end":{"line":45,"column":49}},"16":{"start":{"line":49,"column":4},"end":{"line":49,"column":49}},"17":{"start":{"line":8,"column":13},"end":{"line":51,"column":null}},"18":{"start":{"line":8,"column":13},"end":{"line":8,"column":27}}},"fnMap":{"0":{"name":"(anonymous_2)","decl":{"start":{"line":9,"column":2},"end":{"line":9,"column":22}},"loc":{"start":{"line":9,"column":43},"end":{"line":9,"column":47}}},"1":{"name":"(anonymous_3)","decl":{"start":{"line":11,"column":2},"end":{"line":11,"column":7}},"loc":{"start":{"line":13,"column":12},"end":{"line":25,"column":3}}},"2":{"name":"(anonymous_4)","decl":{"start":{"line":27,"column":2},"end":{"line":27,"column":7}},"loc":{"start":{"line":27,"column":24},"end":{"line":38,"column":3}}},"3":{"name":"(anonymous_5)","decl":{"start":{"line":40,"column":2},"end":{"line":40,"column":9}},"loc":{"start":{"line":40,"column":20},"end":{"line":42,"column":3}}},"4":{"name":"(anonymous_6)","decl":{"start":{"line":44,"column":2},"end":{"line":44,"column":8}},"loc":{"start":{"line":44,"column":53},"end":{"line":46,"column":3}}},"5":{"name":"(anonymous_7)","decl":{"start":{"line":48,"column":2},"end":{"line":48,"column":8}},"loc":{"start":{"line":48,"column":19},"end":{"line":50,"column":3}}}},"branchMap":{"0":{"loc":{"start":{"line":30,"column":4},"end":{"line":37,"column":null}},"type":"if","locations":[{"start":{"line":30,"column":4},"end":{"line":37,"column":null}},{"start":{"line":30,"column":4},"end":{"line":37,"column":null}}]}},"s":{"0":0,"1":0,"2":0,"3":0,"4":0,"5":0,"6":0,"7":0,"8":0,"9":0,"10":0,"11":0,"12":0,"13":0,"14":0,"15":0,"16":0,"17":0,"18":0},"f":{"0":0,"1":0,"2":0,"3":0,"4":0,"5":0},"b":{"0":[0,0]}}
,"C:\\Users\\ASADULLAH\\Desktop\\nestjs\\project-name\\src\\authors\\dto\\create-author.dto.ts": {"path":"C:\\Users\\ASADULLAH\\Desktop\\nestjs\\project-name\\src\\authors\\dto\\create-author.dto.ts","statementMap":{"0":{"start":{"line":1,"column":0},"end":{"line":1,"column":13}}},"fnMap":{},"branchMap":{},"s":{"0":0},"f":{},"b":{}}
,"C:\\Users\\ASADULLAH\\Desktop\\nestjs\\project-name\\src\\authors\\dto\\update-author.dto.ts": {"path":"C:\\Users\\ASADULLAH\\Desktop\\nestjs\\project-name\\src\\authors\\dto\\update-author.dto.ts","statementMap":{"0":{"start":{"line":1,"column":0},"end":{"line":1,"column":51}},"1":{"start":{"line":2,"column":0},"end":{"line":2,"column":54}},"2":{"start":{"line":4,"column":0},"end":{"line":4,"column":13}}},"fnMap":{},"branchMap":{},"s":{"0":0,"1":0,"2":0},"f":{},"b":{}}
,"C:\\Users\\ASADULLAH\\Desktop\\nestjs\\project-name\\src\\books\\books.controller.ts": {"path":"C:\\Users\\ASADULLAH\\Desktop\\nestjs\\project-name\\src\\books\\books.controller.ts","statementMap":{"0":{"start":{"line":1,"column":0},"end":{"line":1,"column":40}},"1":{"start":{"line":2,"column":0},"end":{"line":2,"column":null}},"2":{"start":{"line":14,"column":0},"end":{"line":14,"column":47}},"3":{"start":{"line":16,"column":0},"end":{"line":16,"column":54}},"4":{"start":{"line":19,"column":0},"end":{"line":58,"column":null}},"5":{"start":{"line":20,"column":31},"end":{"line":20,"column":45}},"6":{"start":{"line":28,"column":18},"end":{"line":28,"column":73}},"7":{"start":{"line":29,"column":4},"end":{"line":29,"column":17}},"8":{"start":{"line":35,"column":4},"end":{"line":35,"column":53}},"9":{"start":{"line":36,"column":4},"end":{"line":36,"column":16}},"10":{"start":{"line":41,"column":17},"end":{"line":41,"column":63}},"11":{"start":{"line":42,"column":4},"end":{"line":42,"column":16}},"12":{"start":{"line":51,"column":4},"end":{"line":51,"column":66}},"13":{"start":{"line":56,"column":4},"end":{"line":56,"column":59}},"14":{"start":{"line":24,"column":2},"end":{"line":30,"column":null}},"15":{"start":{"line":33,"column":2},"end":{"line":37,"column":null}},"16":{"start":{"line":40,"column":2},"end":{"line":43,"column":null}},"17":{"start":{"line":46,"column":2},"end":{"line":52,"column":null}},"18":{"start":{"line":55,"column":2},"end":{"line":57,"column":null}},"19":{"start":{"line":19,"column":13},"end":{"line":58,"column":null}},"20":{"start":{"line":19,"column":13},"end":{"line":19,"column":28}}},"fnMap":{"0":{"name":"(anonymous_4)","decl":{"start":{"line":20,"column":2},"end":{"line":20,"column":31}},"loc":{"start":{"line":20,"column":57},"end":{"line":20,"column":61}}},"1":{"name":"(anonymous_5)","decl":{"start":{"line":24,"column":2},"end":{"line":24,"column":7}},"loc":{"start":{"line":26,"column":29},"end":{"line":30,"column":3}}},"2":{"name":"(anonymous_6)","decl":{"start":{"line":33,"column":2},"end":{"line":33,"column":7}},"loc":{"start":{"line":33,"column":41},"end":{"line":37,"column":3}}},"3":{"name":"(anonymous_7)","decl":{"start":{"line":40,"column":2},"end":{"line":40,"column":7}},"loc":{"start":{"line":40,"column":66},"end":{"line":43,"column":3}}},"4":{"name":"(anonymous_8)","decl":{"start":{"line":46,"column":2},"end":{"line":46,"column":8}},"loc":{"start":{"line":49,"column":29},"end":{"line":52,"column":3}}},"5":{"name":"(anonymous_9)","decl":{"start":{"line":55,"column":2},"end":{"line":55,"column":8}},"loc":{"start":{"line":55,"column":59},"end":{"line":57,"column":3}}}},"branchMap":{},"s":{"0":1,"1":1,"2":1,"3":1,"4":1,"5":3,"6":1,"7":1,"8":0,"9":0,"10":0,"11":0,"12":1,"13":0,"14":1,"15":1,"16":1,"17":1,"18":1,"19":1,"20":1},"f":{"0":3,"1":1,"2":0,"3":0,"4":1,"5":0},"b":{}}
,"C:\\Users\\ASADULLAH\\Desktop\\nestjs\\project-name\\src\\books\\books.module.ts": {"path":"C:\\Users\\ASADULLAH\\Desktop\\nestjs\\project-name\\src\\books\\books.module.ts","statementMap":{"0":{"start":{"line":1,"column":0},"end":{"line":1,"column":41}},"1":{"start":{"line":2,"column":0},"end":{"line":2,"column":47}},"2":{"start":{"line":3,"column":0},"end":{"line":3,"column":53}},"3":{"start":{"line":4,"column":0},"end":{"line":4,"column":51}},"4":{"start":{"line":5,"column":0},"end":{"line":5,"column":43}},"5":{"start":{"line":6,"column":0},"end":{"line":6,"column":61}},"6":{"start":{"line":13,"column":0},"end":{"line":13,"column":null}},"7":{"start":{"line":13,"column":13},"end":{"line":13,"column":null}},"8":{"start":{"line":13,"column":13},"end":{"line":13,"column":24}}},"fnMap":{},"branchMap":{},"s":{"0":0,"1":0,"2":0,"3":0,"4":0,"5":0,"6":0,"7":0,"8":0},"f":{},"b":{}}
,"C:\\Users\\ASADULLAH\\Desktop\\nestjs\\project-name\\src\\books\\books.service.ts": {"path":"C:\\Users\\ASADULLAH\\Desktop\\nestjs\\project-name\\src\\books\\books.service.ts","statementMap":{"0":{"start":{"line":2,"column":0},"end":{"line":2,"column":82}},"1":{"start":{"line":3,"column":0},"end":{"line":3,"column":50}},"2":{"start":{"line":8,"column":0},"end":{"line":93,"column":null}},"3":{"start":{"line":9,"column":22},"end":{"line":9,"column":30}},"4":{"start":{"line":15,"column":30},"end":{"line":15,"column":43}},"5":{"start":{"line":17,"column":4},"end":{"line":30,"column":null}},"6":{"start":{"line":18,"column":6},"end":{"line":25,"column":9}},"7":{"start":{"line":27,"column":6},"end":{"line":29,"column":54}},"8":{"start":{"line":31,"column":4},"end":{"line":31,"column":61}},"9":{"start":{"line":32,"column":4},"end":{"line":32,"column":16}},"10":{"start":{"line":37,"column":5},"end":{"line":37,"column":47}},"11":{"start":{"line":38,"column":5},"end":{"line":42,"column":null}},"12":{"start":{"line":39,"column":6},"end":{"line":39,"column":48}},"13":{"start":{"line":41,"column":6},"end":{"line":41,"column":90}},"14":{"start":{"line":43,"column":5},"end":{"line":43,"column":17}},"15":{"start":{"line":48,"column":6},"end":{"line":48,"column":null}},"16":{"start":{"line":49,"column":6},"end":{"line":53,"column":null}},"17":{"start":{"line":50,"column":8},"end":{"line":50,"column":null}},"18":{"start":{"line":52,"column":8},"end":{"line":52,"column":null}},"19":{"start":{"line":54,"column":4},"end":{"line":54,"column":null}},"20":{"start":{"line":58,"column":4},"end":{"line":69,"column":9}},"21":{"start":{"line":66,"column":8},"end":{"line":68,"column":60}},"22":{"start":{"line":73,"column":4},"end":{"line":81,"column":null}},"23":{"start":{"line":77,"column":6},"end":{"line":77,"column":null}},"24":{"start":{"line":80,"column":6},"end":{"line":80,"column":null}},"25":{"start":{"line":86,"column":6},"end":{"line":90,"column":null}},"26":{"start":{"line":91,"column":4},"end":{"line":91,"column":null}},"27":{"start":{"line":8,"column":13},"end":{"line":93,"column":null}},"28":{"start":{"line":8,"column":13},"end":{"line":8,"column":25}}},"fnMap":{"0":{"name":"(anonymous_2)","decl":{"start":{"line":9,"column":2},"end":{"line":9,"column":22}},"loc":{"start":{"line":9,"column":43},"end":{"line":9,"column":47}}},"1":{"name":"(anonymous_3)","decl":{"start":{"line":11,"column":2},"end":{"line":11,"column":7}},"loc":{"start":{"line":13,"column":22},"end":{"line":33,"column":3}}},"2":{"name":"(anonymous_4)","decl":{"start":{"line":35,"column":2},"end":{"line":35,"column":7}},"loc":{"start":{"line":35,"column":24},"end":{"line":44,"column":3}}},"3":{"name":"(anonymous_5)","decl":{"start":{"line":46,"column":2},"end":{"line":46,"column":7}},"loc":{"start":{"line":46,"column":46},"end":{"line":55,"column":3}}},"4":{"name":"(anonymous_6)","decl":{"start":{"line":57,"column":2},"end":{"line":57,"column":8}},"loc":{"start":{"line":57,"column":70},"end":{"line":70,"column":3}}},"5":{"name":"(anonymous_7)","decl":{"start":{"line":65,"column":13},"end":{"line":65,"column":16}},"loc":{"start":{"line":65,"column":18},"end":{"line":69,"column":7}}},"6":{"name":"(anonymous_8)","decl":{"start":{"line":72,"column":2},"end":{"line":72,"column":8}},"loc":{"start":{"line":72,"column":53},"end":{"line":82,"column":3}}},"7":{"name":"(anonymous_9)","decl":{"start":{"line":76,"column":10},"end":{"line":76,"column":11}},"loc":{"start":{"line":76,"column":18},"end":{"line":78,"column":5}}},"8":{"name":"(anonymous_10)","decl":{"start":{"line":79,"column":11},"end":{"line":79,"column":13}},"loc":{"start":{"line":79,"column":15},"end":{"line":81,"column":5}}},"9":{"name":"(anonymous_11)","decl":{"start":{"line":84,"column":2},"end":{"line":84,"column":7}},"loc":{"start":{"line":84,"column":35},"end":{"line":92,"column":3}}}},"branchMap":{"0":{"loc":{"start":{"line":38,"column":5},"end":{"line":42,"column":null}},"type":"if","locations":[{"start":{"line":38,"column":5},"end":{"line":42,"column":null}},{"start":{"line":38,"column":5},"end":{"line":42,"column":null}}]},"1":{"loc":{"start":{"line":49,"column":6},"end":{"line":53,"column":null}},"type":"if","locations":[{"start":{"line":49,"column":6},"end":{"line":53,"column":null}},{"start":{"line":49,"column":6},"end":{"line":53,"column":null}}]},"2":{"loc":{"start":{"line":49,"column":9},"end":{"line":49,"column":22}},"type":"binary-expr","locations":[{"start":{"line":49,"column":9},"end":{"line":49,"column":22}},{"start":{"line":49,"column":26},"end":{"line":49,"column":44}}]}},"s":{"0":1,"1":1,"2":1,"3":0,"4":0,"5":0,"6":0,"7":0,"8":0,"9":0,"10":0,"11":0,"12":0,"13":0,"14":0,"15":0,"16":0,"17":0,"18":0,"19":0,"20":0,"21":0,"22":0,"23":0,"24":0,"25":0,"26":0,"27":1,"28":1},"f":{"0":0,"1":0,"2":0,"3":0,"4":0,"5":0,"6":0,"7":0,"8":0,"9":0},"b":{"0":[0,0],"1":[0,0],"2":[0,0]}}
,"C:\\Users\\ASADULLAH\\Desktop\\nestjs\\project-name\\src\\books\\dto\\create-book.dto.ts": {"path":"C:\\Users\\ASADULLAH\\Desktop\\nestjs\\project-name\\src\\books\\dto\\create-book.dto.ts","statementMap":{"0":{"start":{"line":1,"column":0},"end":{"line":1,"column":74}},"1":{"start":{"line":2,"column":0},"end":{"line":2,"column":62}},"2":{"start":{"line":7,"column":4},"end":{"line":7,"column":null}},"3":{"start":{"line":12,"column":4},"end":{"line":12,"column":null}},"4":{"start":{"line":4,"column":0},"end":{"line":4,"column":13}}},"fnMap":{},"branchMap":{},"s":{"0":1,"1":1,"2":1,"3":1,"4":1},"f":{},"b":{}}
,"C:\\Users\\ASADULLAH\\Desktop\\nestjs\\project-name\\src\\books\\dto\\update-book.dto.ts": {"path":"C:\\Users\\ASADULLAH\\Desktop\\nestjs\\project-name\\src\\books\\dto\\update-book.dto.ts","statementMap":{"0":{"start":{"line":1,"column":0},"end":{"line":1,"column":51}},"1":{"start":{"line":2,"column":0},"end":{"line":2,"column":50}},"2":{"start":{"line":4,"column":0},"end":{"line":4,"column":13}}},"fnMap":{},"branchMap":{},"s":{"0":0,"1":0,"2":0},"f":{},"b":{}}
,"C:\\Users\\ASADULLAH\\Desktop\\nestjs\\project-name\\src\\books\\entities\\book.entity.ts": {"path":"C:\\Users\\ASADULLAH\\Desktop\\nestjs\\project-name\\src\\books\\entities\\book.entity.ts","statementMap":{"0":{"start":{"line":1,"column":0},"end":{"line":1,"column":13}}},"fnMap":{},"branchMap":{},"s":{"0":0},"f":{},"b":{}}
,"C:\\Users\\ASADULLAH\\Desktop\\nestjs\\project-name\\src\\books\\validation\\user.validator.ts": {"path":"C:\\Users\\ASADULLAH\\Desktop\\nestjs\\project-name\\src\\books\\validation\\user.validator.ts","statementMap":{"0":{"start":{"line":2,"column":0},"end":{"line":2,"column":44}},"1":{"start":{"line":3,"column":0},"end":{"line":3,"column":null}},"2":{"start":{"line":8,"column":0},"end":{"line":8,"column":48}},"3":{"start":{"line":12,"column":0},"end":{"line":23,"column":null}},"4":{"start":{"line":13,"column":22},"end":{"line":13,"column":37}},"5":{"start":{"line":16,"column":21},"end":{"line":16,"column":65}},"6":{"start":{"line":17,"column":8},"end":{"line":21,"column":null}},"7":{"start":{"line":18,"column":10},"end":{"line":18,"column":23}},"8":{"start":{"line":20,"column":10},"end":{"line":20,"column":22}},"9":{"start":{"line":12,"column":13},"end":{"line":23,"column":null}},"10":{"start":{"line":12,"column":13},"end":{"line":12,"column":27}}},"fnMap":{"0":{"name":"(anonymous_2)","decl":{"start":{"line":13,"column":2},"end":{"line":13,"column":22}},"loc":{"start":{"line":13,"column":49},"end":{"line":13,"column":54}}},"1":{"name":"(anonymous_3)","decl":{"start":{"line":15,"column":2},"end":{"line":15,"column":7}},"loc":{"start":{"line":15,"column":30},"end":{"line":22,"column":3}}}},"branchMap":{"0":{"loc":{"start":{"line":17,"column":8},"end":{"line":21,"column":null}},"type":"if","locations":[{"start":{"line":17,"column":8},"end":{"line":21,"column":null}},{"start":{"line":17,"column":8},"end":{"line":21,"column":null}}]}},"s":{"0":1,"1":1,"2":1,"3":1,"4":0,"5":0,"6":0,"7":0,"8":0,"9":1,"10":1},"f":{"0":0,"1":0},"b":{"0":[0,0]}}
,"C:\\Users\\ASADULLAH\\Desktop\\nestjs\\project-name\\src\\cats\\cats.controller.ts": {"path":"C:\\Users\\ASADULLAH\\Desktop\\nestjs\\project-name\\src\\cats\\cats.controller.ts","statementMap":{"0":{"start":{"line":1,"column":0},"end":{"line":1,"column":44}},"1":{"start":{"line":4,"column":0},"end":{"line":4,"column":null}},"2":{"start":{"line":4,"column":13},"end":{"line":4,"column":null}},"3":{"start":{"line":4,"column":13},"end":{"line":4,"column":27}}},"fnMap":{},"branchMap":{},"s":{"0":0,"1":0,"2":0,"3":0},"f":{},"b":{}}
,"C:\\Users\\ASADULLAH\\Desktop\\nestjs\\project-name\\src\\config\\keys.ts": {"path":"C:\\Users\\ASADULLAH\\Desktop\\nestjs\\project-name\\src\\config\\keys.ts","statementMap":{"0":{"start":{"line":1,"column":0},"end":{"line":3,"column":null}}},"fnMap":{},"branchMap":{},"s":{"0":0},"f":{},"b":{}}
,"C:\\Users\\ASADULLAH\\Desktop\\nestjs\\project-name\\src\\items\\items.controller.ts": {"path":"C:\\Users\\ASADULLAH\\Desktop\\nestjs\\project-name\\src\\items\\items.controller.ts","statementMap":{"0":{"start":{"line":1,"column":0},"end":{"line":1,"column":77}},"1":{"start":{"line":2,"column":0},"end":{"line":2,"column":52}},"2":{"start":{"line":3,"column":0},"end":{"line":3,"column":47}},"3":{"start":{"line":7,"column":0},"end":{"line":32,"column":null}},"4":{"start":{"line":8,"column":33},"end":{"line":8,"column":46}},"5":{"start":{"line":12,"column":8},"end":{"line":12,"column":null}},"6":{"start":{"line":16,"column":12},"end":{"line":16,"column":null}},"7":{"start":{"line":20,"column":8},"end":{"line":20,"column":null}},"8":{"start":{"line":25,"column":8},"end":{"line":25,"column":null}},"9":{"start":{"line":30,"column":12},"end":{"line":30,"column":null}},"10":{"start":{"line":11,"column":4},"end":{"line":13,"column":null}},"11":{"start":{"line":15,"column":4},"end":{"line":17,"column":null}},"12":{"start":{"line":19,"column":4},"end":{"line":21,"column":null}},"13":{"start":{"line":24,"column":4},"end":{"line":26,"column":null}},"14":{"start":{"line":29,"column":8},"end":{"line":31,"column":null}},"15":{"start":{"line":7,"column":13},"end":{"line":32,"column":null}},"16":{"start":{"line":7,"column":13},"end":{"line":7,"column":28}}},"fnMap":{"0":{"name":"(anonymous_4)","decl":{"start":{"line":8,"column":4},"end":{"line":8,"column":33}},"loc":{"start":{"line":8,"column":58},"end":{"line":9,"column":5}}},"1":{"name":"(anonymous_5)","decl":{"start":{"line":11,"column":4},"end":{"line":11,"column":9}},"loc":{"start":{"line":11,"column":17},"end":{"line":13,"column":5}}},"2":{"name":"(anonymous_6)","decl":{"start":{"line":15,"column":4},"end":{"line":15,"column":9}},"loc":{"start":{"line":15,"column":33},"end":{"line":17,"column":9}}},"3":{"name":"(anonymous_7)","decl":{"start":{"line":19,"column":4},"end":{"line":19,"column":10}},"loc":{"start":{"line":19,"column":26},"end":{"line":21,"column":5}}},"4":{"name":"(anonymous_8)","decl":{"start":{"line":24,"column":4},"end":{"line":24,"column":10}},"loc":{"start":{"line":24,"column":46},"end":{"line":26,"column":5}}},"5":{"name":"(anonymous_9)","decl":{"start":{"line":29,"column":8},"end":{"line":29,"column":14}},"loc":{"start":{"line":29,"column":67},"end":{"line":31,"column":5}}}},"branchMap":{},"s":{"0":0,"1":0,"2":0,"3":0,"4":0,"5":0,"6":0,"7":0,"8":0,"9":0,"10":0,"11":0,"12":0,"13":0,"14":0,"15":0,"16":0},"f":{"0":0,"1":0,"2":0,"3":0,"4":0,"5":0},"b":{}}
,"C:\\Users\\ASADULLAH\\Desktop\\nestjs\\project-name\\src\\items\\items.module.ts": {"path":"C:\\Users\\ASADULLAH\\Desktop\\nestjs\\project-name\\src\\items\\items.module.ts","statementMap":{"0":{"start":{"line":1,"column":0},"end":{"line":1,"column":40}},"1":{"start":{"line":2,"column":0},"end":{"line":2,"column":48}},"2":{"start":{"line":3,"column":0},"end":{"line":3,"column":53}},"3":{"start":{"line":4,"column":0},"end":{"line":4,"column":47}},"4":{"start":{"line":5,"column":0},"end":{"line":5,"column":49}},"5":{"start":{"line":12,"column":0},"end":{"line":12,"column":null}},"6":{"start":{"line":12,"column":13},"end":{"line":12,"column":null}},"7":{"start":{"line":12,"column":13},"end":{"line":12,"column":24}}},"fnMap":{},"branchMap":{},"s":{"0":0,"1":0,"2":0,"3":0,"4":0,"5":0,"6":0,"7":0},"f":{},"b":{}}
,"C:\\Users\\ASADULLAH\\Desktop\\nestjs\\project-name\\src\\items\\items.service.ts": {"path":"C:\\Users\\ASADULLAH\\Desktop\\nestjs\\project-name\\src\\items\\items.service.ts","statementMap":{"0":{"start":{"line":1,"column":0},"end":{"line":1,"column":44}},"1":{"start":{"line":3,"column":0},"end":{"line":3,"column":33}},"2":{"start":{"line":4,"column":0},"end":{"line":4,"column":47}},"3":{"start":{"line":7,"column":0},"end":{"line":27,"column":null}},"4":{"start":{"line":8,"column":54},"end":{"line":8,"column":64}},"5":{"start":{"line":12,"column":8},"end":{"line":12,"column":43}},"6":{"start":{"line":15,"column":8},"end":{"line":15,"column":null}},"7":{"start":{"line":18,"column":24},"end":{"line":18,"column":48}},"8":{"start":{"line":19,"column":8},"end":{"line":19,"column":36}},"9":{"start":{"line":22,"column":8},"end":{"line":22,"column":null}},"10":{"start":{"line":25,"column":8},"end":{"line":25,"column":null}},"11":{"start":{"line":7,"column":13},"end":{"line":27,"column":null}},"12":{"start":{"line":7,"column":13},"end":{"line":7,"column":25}}},"fnMap":{"0":{"name":"(anonymous_4)","decl":{"start":{"line":8,"column":4},"end":{"line":8,"column":17}},"loc":{"start":{"line":8,"column":75},"end":{"line":10,"column":5}}},"1":{"name":"(anonymous_5)","decl":{"start":{"line":11,"column":4},"end":{"line":11,"column":9}},"loc":{"start":{"line":11,"column":17},"end":{"line":13,"column":5}}},"2":{"name":"(anonymous_6)","decl":{"start":{"line":14,"column":4},"end":{"line":14,"column":9}},"loc":{"start":{"line":14,"column":27},"end":{"line":16,"column":5}}},"3":{"name":"(anonymous_7)","decl":{"start":{"line":17,"column":4},"end":{"line":17,"column":9}},"loc":{"start":{"line":17,"column":26},"end":{"line":20,"column":5}}},"4":{"name":"(anonymous_8)","decl":{"start":{"line":21,"column":4},"end":{"line":21,"column":9}},"loc":{"start":{"line":21,"column":23},"end":{"line":23,"column":5}}},"5":{"name":"(anonymous_9)","decl":{"start":{"line":24,"column":4},"end":{"line":24,"column":9}},"loc":{"start":{"line":24,"column":37},"end":{"line":26,"column":5}}}},"branchMap":{},"s":{"0":0,"1":0,"2":0,"3":0,"4":0,"5":0,"6":0,"7":0,"8":0,"9":0,"10":0,"11":0,"12":0},"f":{"0":0,"1":0,"2":0,"3":0,"4":0,"5":0},"b":{}}
,"C:\\Users\\ASADULLAH\\Desktop\\nestjs\\project-name\\src\\items\\dto\\create-item.dto.ts": {"path":"C:\\Users\\ASADULLAH\\Desktop\\nestjs\\project-name\\src\\items\\dto\\create-item.dto.ts","statementMap":{"0":{"start":{"line":1,"column":0},"end":{"line":1,"column":13}}},"fnMap":{},"branchMap":{},"s":{"0":0},"f":{},"b":{}}
,"C:\\Users\\ASADULLAH\\Desktop\\nestjs\\project-name\\src\\items\\schemas\\item.schema.ts": {"path":"C:\\Users\\ASADULLAH\\Desktop\\nestjs\\project-name\\src\\items\\schemas\\item.schema.ts","statementMap":{"0":{"start":{"line":1,"column":0},"end":{"line":1,"column":37}},"1":{"start":{"line":3,"column":13},"end":{"line":7,"column":null}}},"fnMap":{},"branchMap":{},"s":{"0":0,"1":0},"f":{},"b":{}}
,"C:\\Users\\ASADULLAH\\Desktop\\nestjs\\project-name\\src\\products\\product.model.ts": {"path":"C:\\Users\\ASADULLAH\\Desktop\\nestjs\\project-name\\src\\products\\product.model.ts","statementMap":{"0":{"start":{"line":7,"column":11},"end":{"line":7,"column":21}},"1":{"start":{"line":8,"column":11},"end":{"line":8,"column":24}},"2":{"start":{"line":9,"column":11},"end":{"line":9,"column":30}},"3":{"start":{"line":10,"column":11},"end":{"line":10,"column":24}},"4":{"start":{"line":1,"column":0},"end":{"line":1,"column":13}}},"fnMap":{"0":{"name":"(anonymous_0)","decl":{"start":{"line":6,"column":2},"end":{"line":6,"column":null}},"loc":{"start":{"line":10,"column":24},"end":{"line":16,"column":3}}}},"branchMap":{},"s":{"0":0,"1":0,"2":0,"3":0,"4":0},"f":{"0":0},"b":{}}
,"C:\\Users\\ASADULLAH\\Desktop\\nestjs\\project-name\\src\\products\\products.controller.ts": {"path":"C:\\Users\\ASADULLAH\\Desktop\\nestjs\\project-name\\src\\products\\products.controller.ts","statementMap":{"0":{"start":{"line":1,"column":0},"end":{"line":1,"column":75}},"1":{"start":{"line":2,"column":0},"end":{"line":2,"column":52}},"2":{"start":{"line":4,"column":0},"end":{"line":36,"column":null}},"3":{"start":{"line":5,"column":31},"end":{"line":5,"column":48}},"4":{"start":{"line":12,"column":24},"end":{"line":15,"column":null}},"5":{"start":{"line":17,"column":4},"end":{"line":17,"column":31}},"6":{"start":{"line":21,"column":4},"end":{"line":21,"column":46}},"7":{"start":{"line":25,"column":4},"end":{"line":25,"column":57}},"8":{"start":{"line":7,"column":2},"end":{"line":18,"column":null}},"9":{"start":{"line":20,"column":2},"end":{"line":22,"column":null}},"10":{"start":{"line":24,"column":2},"end":{"line":26,"column":null}},"11":{"start":{"line":28,"column":2},"end":{"line":35,"column":null}},"12":{"start":{"line":4,"column":13},"end":{"line":36,"column":null}},"13":{"start":{"line":4,"column":13},"end":{"line":4,"column":31}}},"fnMap":{"0":{"name":"(anonymous_4)","decl":{"start":{"line":5,"column":2},"end":{"line":5,"column":31}},"loc":{"start":{"line":5,"column":62},"end":{"line":5,"column":66}}},"1":{"name":"(anonymous_5)","decl":{"start":{"line":7,"column":2},"end":{"line":7,"column":12}},"loc":{"start":{"line":10,"column":36},"end":{"line":18,"column":3}}},"2":{"name":"(anonymous_6)","decl":{"start":{"line":20,"column":2},"end":{"line":20,"column":16}},"loc":{"start":{"line":20,"column":16},"end":{"line":22,"column":3}}},"3":{"name":"(anonymous_7)","decl":{"start":{"line":24,"column":2},"end":{"line":24,"column":12}},"loc":{"start":{"line":24,"column":40},"end":{"line":26,"column":3}}},"4":{"name":"(anonymous_8)","decl":{"start":{"line":28,"column":2},"end":{"line":28,"column":15}},"loc":{"start":{"line":32,"column":36},"end":{"line":35,"column":3}}}},"branchMap":{},"s":{"0":0,"1":0,"2":0,"3":0,"4":0,"5":0,"6":0,"7":0,"8":0,"9":0,"10":0,"11":0,"12":0,"13":0},"f":{"0":0,"1":0,"2":0,"3":0,"4":0},"b":{}}
,"C:\\Users\\ASADULLAH\\Desktop\\nestjs\\project-name\\src\\products\\products.module.ts": {"path":"C:\\Users\\ASADULLAH\\Desktop\\nestjs\\project-name\\src\\products\\products.module.ts","statementMap":{"0":{"start":{"line":1,"column":0},"end":{"line":1,"column":40}},"1":{"start":{"line":2,"column":0},"end":{"line":2,"column":59}},"2":{"start":{"line":3,"column":0},"end":{"line":3,"column":52}},"3":{"start":{"line":10,"column":0},"end":{"line":10,"column":null}},"4":{"start":{"line":10,"column":13},"end":{"line":10,"column":null}},"5":{"start":{"line":10,"column":13},"end":{"line":10,"column":27}}},"fnMap":{},"branchMap":{},"s":{"0":0,"1":0,"2":0,"3":0,"4":0,"5":0},"f":{},"b":{}}
,"C:\\Users\\ASADULLAH\\Desktop\\nestjs\\project-name\\src\\products\\products.service.ts": {"path":"C:\\Users\\ASADULLAH\\Desktop\\nestjs\\project-name\\src\\products\\products.service.ts","statementMap":{"0":{"start":{"line":1,"column":0},"end":{"line":1,"column":44}},"1":{"start":{"line":2,"column":0},"end":{"line":2,"column":42}},"2":{"start":{"line":5,"column":0},"end":{"line":23,"column":null}},"3":{"start":{"line":6,"column":2},"end":{"line":6,"column":27}},"4":{"start":{"line":8,"column":21},"end":{"line":8,"column":42}},"5":{"start":{"line":9,"column":23},"end":{"line":9,"column":62}},"6":{"start":{"line":10,"column":4},"end":{"line":10,"column":35}},"7":{"start":{"line":11,"column":4},"end":{"line":11,"column":18}},"8":{"start":{"line":14,"column":6},"end":{"line":14,"column":null}},"9":{"start":{"line":17,"column":22},"end":{"line":17,"column":61}},"10":{"start":{"line":17,"column":47},"end":{"line":17,"column":60}},"11":{"start":{"line":18,"column":6},"end":{"line":18,"column":23}},"12":{"start":{"line":5,"column":13},"end":{"line":23,"column":null}},"13":{"start":{"line":5,"column":13},"end":{"line":5,"column":27}}},"fnMap":{"0":{"name":"(anonymous_1)","decl":{"start":{"line":5,"column":0},"end":{"line":5,"column":13}},"loc":{"start":{"line":5,"column":0},"end":{"line":23,"column":1}}},"1":{"name":"(anonymous_2)","decl":{"start":{"line":7,"column":2},"end":{"line":7,"column":15}},"loc":{"start":{"line":7,"column":58},"end":{"line":12,"column":3}}},"2":{"name":"(anonymous_3)","decl":{"start":{"line":13,"column":2},"end":{"line":13,"column":13}},"loc":{"start":{"line":13,"column":13},"end":{"line":15,"column":3}}},"3":{"name":"(anonymous_4)","decl":{"start":{"line":16,"column":2},"end":{"line":16,"column":18}},"loc":{"start":{"line":16,"column":28},"end":{"line":19,"column":3}}},"4":{"name":"(anonymous_5)","decl":{"start":{"line":17,"column":41},"end":{"line":17,"column":45}},"loc":{"start":{"line":17,"column":47},"end":{"line":17,"column":60}}},"5":{"name":"(anonymous_6)","decl":{"start":{"line":20,"column":2},"end":{"line":20,"column":15}},"loc":{"start":{"line":20,"column":70},"end":{"line":22,"column":3}}}},"branchMap":{},"s":{"0":0,"1":0,"2":0,"3":0,"4":0,"5":0,"6":0,"7":0,"8":0,"9":0,"10":0,"11":0,"12":0,"13":0},"f":{"0":0,"1":0,"2":0,"3":0,"4":0,"5":0},"b":{}}
}
